<?xml version="1.0" encoding="UTF-8" ?>
<testsuite failures="0" time="1.312" errors="0" skipped="0" tests="2" name="org.dmlc.xgboost4j.wrapper.XgboostJNICheck">
  <properties>
    <property name="java.runtime.name" value="Java(TM) SE Runtime Environment"/>
    <property name="sun.boot.library.path" value="/usr/local/lib/jdk1.7.0_75/jre/lib/amd64"/>
    <property name="java.vm.version" value="24.75-b04"/>
    <property name="java.vm.vendor" value="Oracle Corporation"/>
    <property name="java.vendor.url" value="http://java.oracle.com/"/>
    <property name="path.separator" value=":"/>
    <property name="guice.disable.misplaced.annotation.check" value="true"/>
    <property name="java.vm.name" value="Java HotSpot(TM) 64-Bit Server VM"/>
    <property name="file.encoding.pkg" value="sun.io"/>
    <property name="user.country" value="CN"/>
    <property name="sun.java.launcher" value="SUN_STANDARD"/>
    <property name="sun.os.patch.level" value="unknown"/>
    <property name="test" value="org.dmlc.xgboost4j.wrapper.XgboostJNICheck"/>
    <property name="java.vm.specification.name" value="Java Virtual Machine Specification"/>
    <property name="user.dir" value="/home/hzx/git/xgboost/java/xgboost4j"/>
    <property name="java.runtime.version" value="1.7.0_75-b13"/>
    <property name="java.awt.graphicsenv" value="sun.awt.X11GraphicsEnvironment"/>
    <property name="java.endorsed.dirs" value="/usr/local/lib/jdk1.7.0_75/jre/lib/endorsed"/>
    <property name="os.arch" value="amd64"/>
    <property name="java.io.tmpdir" value="/tmp"/>
    <property name="line.separator" value="
"/>
    <property name="java.vm.specification.vendor" value="Oracle Corporation"/>
    <property name="os.name" value="Linux"/>
    <property name="maven.ext.class.path" value="/home/hzx/.netbeans/8.0.2/maven-nblib/netbeans-eventspy.jar"/>
    <property name="classworlds.conf" value="/usr/local/netbeans-8.0.2/java/maven/bin/m2.conf"/>
    <property name="sun.jnu.encoding" value="UTF-8"/>
    <property name="java.library.path" value="/usr/local/lib/jdk1.7.0_75/jre/lib/amd64:/usr/local/lib/jdk1.7.0_75/jre/lib/i386::/usr/java/packages/lib/amd64:/usr/lib64:/lib64:/lib:/usr/lib"/>
    <property name="java.specification.name" value="Java Platform API Specification"/>
    <property name="java.class.version" value="51.0"/>
    <property name="sun.management.compiler" value="HotSpot 64-Bit Tiered Compilers"/>
    <property name="os.version" value="3.13.0-53-generic"/>
    <property name="user.home" value="/home/hzx"/>
    <property name="user.timezone" value="America/Los_Angeles"/>
    <property name="java.awt.printerjob" value="sun.print.PSPrinterJob"/>
    <property name="java.specification.version" value="1.7"/>
    <property name="file.encoding" value="UTF-8"/>
    <property name="user.name" value="hzx"/>
    <property name="java.class.path" value="/usr/local/netbeans-8.0.2/java/maven/boot/plexus-classworlds-2.4.jar"/>
    <property name="java.vm.specification.version" value="1.7"/>
    <property name="sun.arch.data.model" value="64"/>
    <property name="java.home" value="/usr/local/lib/jdk1.7.0_75/jre"/>
    <property name="sun.java.command" value="org.codehaus.plexus.classworlds.launcher.Launcher -Dtest=org.dmlc.xgboost4j.wrapper.XgboostJNICheck -Dmaven.ext.class.path=/home/hzx/.netbeans/8.0.2/maven-nblib/netbeans-eventspy.jar surefire:test"/>
    <property name="java.specification.vendor" value="Oracle Corporation"/>
    <property name="user.language" value="zh"/>
    <property name="awt.toolkit" value="sun.awt.X11.XToolkit"/>
    <property name="java.vm.info" value="mixed mode"/>
    <property name="java.version" value="1.7.0_75"/>
    <property name="java.ext.dirs" value="/usr/local/lib/jdk1.7.0_75/jre/lib/ext:/usr/java/packages/lib/ext"/>
    <property name="securerandom.source" value="file:/dev/./urandom"/>
    <property name="sun.boot.class.path" value="/usr/local/lib/jdk1.7.0_75/jre/lib/resources.jar:/usr/local/lib/jdk1.7.0_75/jre/lib/rt.jar:/usr/local/lib/jdk1.7.0_75/jre/lib/sunrsasign.jar:/usr/local/lib/jdk1.7.0_75/jre/lib/jsse.jar:/usr/local/lib/jdk1.7.0_75/jre/lib/jce.jar:/usr/local/lib/jdk1.7.0_75/jre/lib/charsets.jar:/usr/local/lib/jdk1.7.0_75/jre/lib/jfr.jar:/usr/local/lib/jdk1.7.0_75/jre/classes"/>
    <property name="java.vendor" value="Oracle Corporation"/>
    <property name="maven.home" value="/usr/local/netbeans-8.0.2/java/maven"/>
    <property name="file.separator" value="/"/>
    <property name="java.vendor.url.bug" value="http://bugreport.sun.com/bugreport/"/>
    <property name="sun.cpu.endian" value="little"/>
    <property name="sun.io.unicode.encoding" value="UnicodeLittle"/>
    <property name="sun.desktop" value="gnome"/>
    <property name="sun.cpu.isalist" value=""/>
  </properties>
  <testcase time="1.146" classname="org.dmlc.xgboost4j.wrapper.XgboostJNICheck" name="testXGBooster"/>
  <testcase time="0.06" classname="org.dmlc.xgboost4j.wrapper.XgboostJNICheck" name="testXGDMatrix"/>
</testsuite>